<?xml version="1.0" encoding="UTF-8"?>
<!-- Generated by org.testng.reporters.JUnitXMLReporter -->
<testsuite hostname="NODE1005" name="RunTests_On_Chrome_Windows" tests="6" failures="1" timestamp="12 Aug 2021 16:58:13 GMT" time="239.562" errors="0">
  <testcase name="testSpecificProductPriceValidation" time="52.752" classname="com.testsuite.BondBrandLoyaltyTestSuite"/>
  <testcase name="testMultipleProductsPricesValidation" time="46.515" classname="com.testsuite.BondBrandLoyaltyTestSuite"/>
  <testcase name="testMultipleProductsPricesValidation" time="43.272" classname="com.testsuite.BondBrandLoyaltyTestSuite"/>
  <testcase name="testMultipleProductsPricesValidation" time="19.827" classname="com.testsuite.BondBrandLoyaltyTestSuite"/>
  <testcase name="testLabelNameInCartPage" time="11.134" classname="com.testsuite.BondBrandLoyaltyTestSuite">
    <failure type="java.lang.AssertionError" message="In Cart Page, Actual Label &amp;apos;Total products&amp;apos; is not equal to expected label &amp;apos;Total Products Price&amp;apos; expected [Total Products Price] but found [Total products]">
      <![CDATA[java.lang.AssertionError: In Cart Page, Actual Label 'Total products' is not equal to expected label 'Total Products Price' expected [Total Products Price] but found [Total products]
	at com.testsuite.BondBrandLoyaltyTestSuite.testLabelNameInCartPage(BondBrandLoyaltyTestSuite.java:106)
... Removed 32 stack frames]]>
    </failure>
  </testcase> <!-- testLabelNameInCartPage -->
  <testcase name="testCalculationsInCartPage" time="14.32" classname="com.testsuite.BondBrandLoyaltyTestSuite"/>
</testsuite> <!-- RunTests_On_Chrome_Windows -->
