{"name":"initializeBaseSetup","status":"broken","statusDetails":{"known":false,"muted":false,"flaky":false,"message":"io.github.bonigarcia.wdm.WebDriverManagerException: chromedriver 92.0.4515.131 for WIN64 not found in https://chromedriver.storage.googleapis.com/","trace":"io.github.bonigarcia.wdm.WebDriverManagerException: io.github.bonigarcia.wdm.WebDriverManagerException: chromedriver 92.0.4515.131 for WIN64 not found in https://chromedriver.storage.googleapis.com/\r\n\tat io.github.bonigarcia.wdm.WebDriverManager.handleException(WebDriverManager.java:523)\r\n\tat io.github.bonigarcia.wdm.WebDriverManager.manage(WebDriverManager.java:471)\r\n\tat io.github.bonigarcia.wdm.WebDriverManager.handleException(WebDriverManager.java:520)\r\n\tat io.github.bonigarcia.wdm.WebDriverManager.manage(WebDriverManager.java:471)\r\n\tat io.github.bonigarcia.wdm.WebDriverManager.setup(WebDriverManager.java:229)\r\n\tat com.base.BaseTest.initializeBaseSetup(BaseTest.java:35)\r\n\tat sun.reflect.NativeMethodAccessorImpl.invoke0(Native Method)\r\n\tat sun.reflect.NativeMethodAccessorImpl.invoke(Unknown Source)\r\n\tat sun.reflect.DelegatingMethodAccessorImpl.invoke(Unknown Source)\r\n\tat java.lang.reflect.Method.invoke(Unknown Source)\r\n\tat org.testng.internal.MethodInvocationHelper.invokeMethod(MethodInvocationHelper.java:84)\r\n\tat org.testng.internal.Invoker.invokeConfigurationMethod(Invoker.java:564)\r\n\tat org.testng.internal.Invoker.invokeConfigurations(Invoker.java:213)\r\n\tat org.testng.internal.Invoker.invokeConfigurations(Invoker.java:138)\r\n\tat org.testng.internal.TestMethodWorker.invokeBeforeClassMethods(TestMethodWorker.java:175)\r\n\tat org.testng.internal.TestMethodWorker.run(TestMethodWorker.java:107)\r\n\tat org.testng.TestRunner.privateRun(TestRunner.java:767)\r\n\tat org.testng.TestRunner.run(TestRunner.java:617)\r\n\tat org.testng.SuiteRunner.runTest(SuiteRunner.java:348)\r\n\tat org.testng.SuiteRunner.runSequentially(SuiteRunner.java:343)\r\n\tat org.testng.SuiteRunner.privateRun(SuiteRunner.java:305)\r\n\tat org.testng.SuiteRunner.run(SuiteRunner.java:254)\r\n\tat org.testng.SuiteRunnerWorker.runSuite(SuiteRunnerWorker.java:52)\r\n\tat org.testng.SuiteRunnerWorker.run(SuiteRunnerWorker.java:86)\r\n\tat org.testng.TestNG.runSuitesSequentially(TestNG.java:1224)\r\n\tat org.testng.TestNG.runSuitesLocally(TestNG.java:1149)\r\n\tat org.testng.TestNG.run(TestNG.java:1057)\r\n\tat org.testng.remote.AbstractRemoteTestNG.run(AbstractRemoteTestNG.java:115)\r\n\tat org.testng.remote.RemoteTestNG.initAndRun(RemoteTestNG.java:251)\r\n\tat org.testng.remote.RemoteTestNG.main(RemoteTestNG.java:77)\r\nCaused by: io.github.bonigarcia.wdm.WebDriverManagerException: chromedriver 92.0.4515.131 for WIN64 not found in https://chromedriver.storage.googleapis.com/\r\n\tat io.github.bonigarcia.wdm.WebDriverManager.manage(WebDriverManager.java:464)\r\n\t... 28 more\r\n"},"stage":"finished","steps":[],"attachments":[],"parameters":[],"start":1628691098421,"stop":1628691098424,"uuid":"3be14b3a-6982-400b-a70f-6f1e4e8a9b3b","historyId":"c11e06d8db027c998c97db2598759935","fullName":"com.base.BaseTest.initializeBaseSetup","labels":[{"name":"package","value":"com.testsuite.BondBrandLoyaltyTestSuite"},{"name":"testClass","value":"com.testsuite.BondBrandLoyaltyTestSuite"},{"name":"testMethod","value":"initializeBaseSetup"},{"name":"parentSuite","value":"Default suite"},{"name":"suite","value":"Default test"},{"name":"subSuite","value":"com.testsuite.BondBrandLoyaltyTestSuite"},{"name":"host","value":"NODE1005"},{"name":"thread","value":"13780@NODE1005.main(1)"},{"name":"framework","value":"testng"},{"name":"language","value":"java"}],"links":[]}