{"uuid":"c29d142c-be1b-44bb-ba96-2b9d91a598e2","name":"com.testsuite.BondBrandLoyaltyTestSuite","children":["2eb94d1b-7249-4730-8fd1-d5a0070c44e8","a7f6537f-05c2-4b1b-bd4a-ee20b910f876","1b58d96a-656e-434b-804c-aed15d531f06"],"befores":[{"name":"initializeBaseSetup","stage":"running","description":"","steps":[],"attachments":[],"parameters":[],"start":1628691095455},{"name":"initializeBaseSetup","status":"broken","statusDetails":{"known":false,"muted":false,"flaky":false,"message":"io.github.bonigarcia.wdm.WebDriverManagerException: chromedriver 92.0.4515.131 for WIN64 not found in https://chromedriver.storage.googleapis.com/","trace":"io.github.bonigarcia.wdm.WebDriverManagerException: io.github.bonigarcia.wdm.WebDriverManagerException: chromedriver 92.0.4515.131 for WIN64 not found in https://chromedriver.storage.googleapis.com/\r\n\tat io.github.bonigarcia.wdm.WebDriverManager.handleException(WebDriverManager.java:523)\r\n\tat io.github.bonigarcia.wdm.WebDriverManager.manage(WebDriverManager.java:471)\r\n\tat io.github.bonigarcia.wdm.WebDriverManager.handleException(WebDriverManager.java:520)\r\n\tat io.github.bonigarcia.wdm.WebDriverManager.manage(WebDriverManager.java:471)\r\n\tat io.github.bonigarcia.wdm.WebDriverManager.setup(WebDriverManager.java:229)\r\n\tat com.base.BaseTest.initializeBaseSetup(BaseTest.java:35)\r\n\tat sun.reflect.NativeMethodAccessorImpl.invoke0(Native Method)\r\n\tat sun.reflect.NativeMethodAccessorImpl.invoke(Unknown Source)\r\n\tat sun.reflect.DelegatingMethodAccessorImpl.invoke(Unknown Source)\r\n\tat java.lang.reflect.Method.invoke(Unknown Source)\r\n\tat org.testng.internal.MethodInvocationHelper.invokeMethod(MethodInvocationHelper.java:84)\r\n\tat org.testng.internal.Invoker.invokeConfigurationMethod(Invoker.java:564)\r\n\tat org.testng.internal.Invoker.invokeConfigurations(Invoker.java:213)\r\n\tat org.testng.internal.Invoker.invokeConfigurations(Invoker.java:138)\r\n\tat org.testng.internal.TestMethodWorker.invokeBeforeClassMethods(TestMethodWorker.java:175)\r\n\tat org.testng.internal.TestMethodWorker.run(TestMethodWorker.java:107)\r\n\tat org.testng.TestRunner.privateRun(TestRunner.java:767)\r\n\tat org.testng.TestRunner.run(TestRunner.java:617)\r\n\tat org.testng.SuiteRunner.runTest(SuiteRunner.java:348)\r\n\tat org.testng.SuiteRunner.runSequentially(SuiteRunner.java:343)\r\n\tat org.testng.SuiteRunner.privateRun(SuiteRunner.java:305)\r\n\tat org.testng.SuiteRunner.run(SuiteRunner.java:254)\r\n\tat org.testng.SuiteRunnerWorker.runSuite(SuiteRunnerWorker.java:52)\r\n\tat org.testng.SuiteRunnerWorker.run(SuiteRunnerWorker.java:86)\r\n\tat org.testng.TestNG.runSuitesSequentially(TestNG.java:1224)\r\n\tat org.testng.TestNG.runSuitesLocally(TestNG.java:1149)\r\n\tat org.testng.TestNG.run(TestNG.java:1057)\r\n\tat org.testng.remote.AbstractRemoteTestNG.run(AbstractRemoteTestNG.java:115)\r\n\tat org.testng.remote.RemoteTestNG.initAndRun(RemoteTestNG.java:251)\r\n\tat org.testng.remote.RemoteTestNG.main(RemoteTestNG.java:77)\r\nCaused by: io.github.bonigarcia.wdm.WebDriverManagerException: chromedriver 92.0.4515.131 for WIN64 not found in https://chromedriver.storage.googleapis.com/\r\n\tat io.github.bonigarcia.wdm.WebDriverManager.manage(WebDriverManager.java:464)\r\n\t... 28 more\r\n"},"stage":"finished","description":"","steps":[],"attachments":[],"parameters":[],"start":1628691095458,"stop":1628691098339}],"afters":[{"name":"CloseBrowser","stage":"running","description":"","steps":[],"attachments":[],"parameters":[],"start":1628691098616},{"name":"CloseBrowser","status":"passed","stage":"finished","description":"","steps":[],"attachments":[],"parameters":[],"start":1628691098616,"stop":1628691098617}],"links":[],"start":1628691095409,"stop":1628691098652}