<?xml version="1.0" encoding="UTF-8"?>
<testng-results skipped="0" failed="1" total="6" passed="5">
  <reporter-output>
  </reporter-output>
  <suite name="Bond Brand Suite" duration-ms="239562" started-at="2021-08-12T16:54:13Z" finished-at="2021-08-12T16:58:13Z">
    <groups>
    </groups>
    <test name="RunTests_On_Chrome_Windows" duration-ms="239562" started-at="2021-08-12T16:54:13Z" finished-at="2021-08-12T16:58:13Z">
      <class name="com.testsuite.BondBrandLoyaltyTestSuite">
        <test-method status="PASS" signature="initializeBaseSetup(org.testng.ITestContext)[pri:0, instance:com.testsuite.BondBrandLoyaltyTestSuite@5e39850]" name="initializeBaseSetup" is-config="true" duration-ms="12110" started-at="2021-08-12T22:24:13Z" finished-at="2021-08-12T22:24:25Z">
          <params>
            <param index="0">
              <value>
                <![CDATA[org.testng.TestRunner@90c01ab]]>
              </value>
            </param>
          </params>
          <reporter-output>
          </reporter-output>
        </test-method> <!-- initializeBaseSetup -->
        <test-method status="PASS" signature="setUp()[pri:0, instance:com.testsuite.BondBrandLoyaltyTestSuite@5e39850]" name="setUp" is-config="true" duration-ms="13707" started-at="2021-08-12T22:24:25Z" finished-at="2021-08-12T22:24:39Z">
          <reporter-output>
          </reporter-output>
        </test-method> <!-- setUp -->
        <test-method status="PASS" signature="testSpecificProductPriceValidation()[pri:0, instance:com.testsuite.BondBrandLoyaltyTestSuite@5e39850]" name="testSpecificProductPriceValidation" duration-ms="52752" started-at="2021-08-12T22:24:39Z" finished-at="2021-08-12T22:25:32Z">
          <reporter-output>
          </reporter-output>
        </test-method> <!-- testSpecificProductPriceValidation -->
        <test-method status="PASS" signature="tearDown()[pri:0, instance:com.testsuite.BondBrandLoyaltyTestSuite@5e39850]" name="tearDown" is-config="true" duration-ms="3" started-at="2021-08-12T22:25:32Z" finished-at="2021-08-12T22:25:32Z">
          <reporter-output>
          </reporter-output>
        </test-method> <!-- tearDown -->
        <test-method status="PASS" signature="setUp()[pri:0, instance:com.testsuite.BondBrandLoyaltyTestSuite@5e39850]" name="setUp" is-config="true" duration-ms="3229" started-at="2021-08-12T22:25:32Z" finished-at="2021-08-12T22:25:35Z">
          <reporter-output>
          </reporter-output>
        </test-method> <!-- setUp -->
        <test-method status="PASS" signature="testMultipleProductsPricesValidation(java.lang.String)[pri:0, instance:com.testsuite.BondBrandLoyaltyTestSuite@5e39850]" name="testMultipleProductsPricesValidation" duration-ms="46515" started-at="2021-08-12T22:25:35Z" data-provider="GetProductNames" finished-at="2021-08-12T22:26:22Z">
          <params>
            <param index="0">
              <value>
                <![CDATA[Blouse]]>
              </value>
            </param>
          </params>
          <reporter-output>
          </reporter-output>
        </test-method> <!-- testMultipleProductsPricesValidation -->
        <test-method status="PASS" signature="tearDown()[pri:0, instance:com.testsuite.BondBrandLoyaltyTestSuite@5e39850]" name="tearDown" is-config="true" duration-ms="2" started-at="2021-08-12T22:26:22Z" finished-at="2021-08-12T22:26:22Z">
          <reporter-output>
          </reporter-output>
        </test-method> <!-- tearDown -->
        <test-method status="PASS" signature="setUp()[pri:0, instance:com.testsuite.BondBrandLoyaltyTestSuite@5e39850]" name="setUp" is-config="true" duration-ms="9838" started-at="2021-08-12T22:26:22Z" finished-at="2021-08-12T22:26:31Z">
          <reporter-output>
          </reporter-output>
        </test-method> <!-- setUp -->
        <test-method status="PASS" signature="testMultipleProductsPricesValidation(java.lang.String)[pri:0, instance:com.testsuite.BondBrandLoyaltyTestSuite@5e39850]" name="testMultipleProductsPricesValidation" duration-ms="43272" started-at="2021-08-12T22:26:31Z" data-provider="GetProductNames" finished-at="2021-08-12T22:27:15Z">
          <params>
            <param index="0">
              <value>
                <![CDATA[Printed Dress]]>
              </value>
            </param>
          </params>
          <reporter-output>
          </reporter-output>
        </test-method> <!-- testMultipleProductsPricesValidation -->
        <test-method status="PASS" signature="tearDown()[pri:0, instance:com.testsuite.BondBrandLoyaltyTestSuite@5e39850]" name="tearDown" is-config="true" duration-ms="3" started-at="2021-08-12T22:27:15Z" finished-at="2021-08-12T22:27:15Z">
          <reporter-output>
          </reporter-output>
        </test-method> <!-- tearDown -->
        <test-method status="PASS" signature="setUp()[pri:0, instance:com.testsuite.BondBrandLoyaltyTestSuite@5e39850]" name="setUp" is-config="true" duration-ms="3978" started-at="2021-08-12T22:27:15Z" finished-at="2021-08-12T22:27:19Z">
          <reporter-output>
          </reporter-output>
        </test-method> <!-- setUp -->
        <test-method status="PASS" signature="testMultipleProductsPricesValidation(java.lang.String)[pri:0, instance:com.testsuite.BondBrandLoyaltyTestSuite@5e39850]" name="testMultipleProductsPricesValidation" duration-ms="19827" started-at="2021-08-12T22:27:19Z" data-provider="GetProductNames" finished-at="2021-08-12T22:27:39Z">
          <params>
            <param index="0">
              <value>
                <![CDATA[Faded Short Sleeve T-shirts]]>
              </value>
            </param>
          </params>
          <reporter-output>
          </reporter-output>
        </test-method> <!-- testMultipleProductsPricesValidation -->
        <test-method status="PASS" signature="tearDown()[pri:0, instance:com.testsuite.BondBrandLoyaltyTestSuite@5e39850]" name="tearDown" is-config="true" duration-ms="2" started-at="2021-08-12T22:27:39Z" finished-at="2021-08-12T22:27:39Z">
          <reporter-output>
          </reporter-output>
        </test-method> <!-- tearDown -->
        <test-method status="PASS" signature="setUp()[pri:0, instance:com.testsuite.BondBrandLoyaltyTestSuite@5e39850]" name="setUp" is-config="true" duration-ms="2721" started-at="2021-08-12T22:27:39Z" finished-at="2021-08-12T22:27:41Z">
          <reporter-output>
          </reporter-output>
        </test-method> <!-- setUp -->
        <test-method status="FAIL" signature="testLabelNameInCartPage()[pri:0, instance:com.testsuite.BondBrandLoyaltyTestSuite@5e39850]" name="testLabelNameInCartPage" duration-ms="11134" started-at="2021-08-12T22:27:41Z" finished-at="2021-08-12T22:27:52Z">
          <exception class="java.lang.AssertionError">
            <message>
              <![CDATA[In Cart Page, Actual Label 'Total products' is not equal to expected label 'Total Products Price' expected [Total Products Price] but found [Total products]]]>
            </message>
            <full-stacktrace>
              <![CDATA[java.lang.AssertionError: In Cart Page, Actual Label 'Total products' is not equal to expected label 'Total Products Price' expected [Total Products Price] but found [Total products]
	at org.testng.Assert.fail(Assert.java:94)
	at org.testng.Assert.failNotEquals(Assert.java:494)
	at org.testng.Assert.assertEquals(Assert.java:123)
	at org.testng.Assert.assertEquals(Assert.java:176)
	at com.testsuite.BondBrandLoyaltyTestSuite.testLabelNameInCartPage(BondBrandLoyaltyTestSuite.java:106)
	at sun.reflect.NativeMethodAccessorImpl.invoke0(Native Method)
	at sun.reflect.NativeMethodAccessorImpl.invoke(Unknown Source)
	at sun.reflect.DelegatingMethodAccessorImpl.invoke(Unknown Source)
	at java.lang.reflect.Method.invoke(Unknown Source)
	at org.testng.internal.MethodInvocationHelper.invokeMethod(MethodInvocationHelper.java:84)
	at org.testng.internal.Invoker.invokeMethod(Invoker.java:714)
	at org.testng.internal.Invoker.invokeTestMethod(Invoker.java:901)
	at org.testng.internal.Invoker.invokeTestMethods(Invoker.java:1231)
	at org.testng.internal.TestMethodWorker.invokeTestMethods(TestMethodWorker.java:127)
	at org.testng.internal.TestMethodWorker.run(TestMethodWorker.java:111)
	at org.testng.TestRunner.privateRun(TestRunner.java:767)
	at org.testng.TestRunner.run(TestRunner.java:617)
	at org.testng.SuiteRunner.runTest(SuiteRunner.java:348)
	at org.testng.SuiteRunner.runSequentially(SuiteRunner.java:343)
	at org.testng.SuiteRunner.privateRun(SuiteRunner.java:305)
	at org.testng.SuiteRunner.run(SuiteRunner.java:254)
	at org.testng.SuiteRunnerWorker.runSuite(SuiteRunnerWorker.java:52)
	at org.testng.SuiteRunnerWorker.run(SuiteRunnerWorker.java:86)
	at org.testng.TestNG.runSuitesSequentially(TestNG.java:1224)
	at org.testng.TestNG.runSuitesLocally(TestNG.java:1149)
	at org.testng.TestNG.run(TestNG.java:1057)
	at org.apache.maven.surefire.testng.TestNGExecutor.run(TestNGExecutor.java:283)
	at org.apache.maven.surefire.testng.TestNGXmlTestSuite.execute(TestNGXmlTestSuite.java:75)
	at org.apache.maven.surefire.testng.TestNGProvider.invoke(TestNGProvider.java:120)
	at org.apache.maven.surefire.booter.ForkedBooter.invokeProviderInSameClassLoader(ForkedBooter.java:384)
	at org.apache.maven.surefire.booter.ForkedBooter.runSuitesInProcess(ForkedBooter.java:345)
	at org.apache.maven.surefire.booter.ForkedBooter.execute(ForkedBooter.java:126)
	at org.apache.maven.surefire.booter.ForkedBooter.main(ForkedBooter.java:418)
]]>
            </full-stacktrace>
          </exception> <!-- java.lang.AssertionError -->
          <reporter-output>
          </reporter-output>
        </test-method> <!-- testLabelNameInCartPage -->
        <test-method status="PASS" signature="tearDown()[pri:0, instance:com.testsuite.BondBrandLoyaltyTestSuite@5e39850]" name="tearDown" is-config="true" duration-ms="2" started-at="2021-08-12T22:27:53Z" finished-at="2021-08-12T22:27:53Z">
          <reporter-output>
          </reporter-output>
        </test-method> <!-- tearDown -->
        <test-method status="PASS" signature="setUp()[pri:0, instance:com.testsuite.BondBrandLoyaltyTestSuite@5e39850]" name="setUp" is-config="true" duration-ms="3762" started-at="2021-08-12T22:27:53Z" finished-at="2021-08-12T22:27:57Z">
          <reporter-output>
          </reporter-output>
        </test-method> <!-- setUp -->
        <test-method status="PASS" signature="testCalculationsInCartPage()[pri:0, instance:com.testsuite.BondBrandLoyaltyTestSuite@5e39850]" name="testCalculationsInCartPage" duration-ms="14320" started-at="2021-08-12T22:27:57Z" finished-at="2021-08-12T22:28:11Z">
          <reporter-output>
          </reporter-output>
        </test-method> <!-- testCalculationsInCartPage -->
        <test-method status="PASS" signature="tearDown()[pri:0, instance:com.testsuite.BondBrandLoyaltyTestSuite@5e39850]" name="tearDown" is-config="true" duration-ms="3" started-at="2021-08-12T22:28:11Z" finished-at="2021-08-12T22:28:11Z">
          <reporter-output>
          </reporter-output>
        </test-method> <!-- tearDown -->
        <test-method status="PASS" signature="CloseBrowser()[pri:0, instance:com.testsuite.BondBrandLoyaltyTestSuite@5e39850]" name="CloseBrowser" is-config="true" duration-ms="1379" started-at="2021-08-12T22:28:11Z" finished-at="2021-08-12T22:28:13Z">
          <reporter-output>
          </reporter-output>
        </test-method> <!-- CloseBrowser -->
      </class> <!-- com.testsuite.BondBrandLoyaltyTestSuite -->
    </test> <!-- RunTests_On_Chrome_Windows -->
  </suite> <!-- Bond Brand Suite -->
</testng-results>
