<?xml version="1.0" encoding="UTF-8"?>
<!-- Generated by org.testng.reporters.JUnitXMLReporter -->
<testsuite hostname="NODE1005" name="RunTests_On_Chrome_Windows" tests="4" failures="2" timestamp="11 Aug 2021 19:05:22 GMT" time="100.604" errors="0">
  <testcase name="testSpecificProductPriceValidation" time="0.062" classname="com.testsuite.BondBrandLoyaltyTestSuite">
    <failure type="java.lang.AssertionError" message="Just failing for testing">
      <![CDATA[java.lang.AssertionError: Just failing for testing
	at com.testsuite.BondBrandLoyaltyTestSuite.testSpecificProductPriceValidation(BondBrandLoyaltyTestSuite.java:48)
	at java.util.concurrent.FutureTask.run(Unknown Source)
	at java.util.concurrent.ThreadPoolExecutor.runWorker(Unknown Source)
	at java.util.concurrent.ThreadPoolExecutor$Worker.run(Unknown Source)
	at java.lang.Thread.run(Unknown Source)
... Removed 17 stack frames]]>
    </failure>
  </testcase> <!-- testSpecificProductPriceValidation -->
  <testcase name="testMultipleProductsPricesValidation" time="27.482" classname="com.testsuite.BondBrandLoyaltyTestSuite"/>
  <testcase name="testMultipleProductsPricesValidation" time="12.874" classname="com.testsuite.BondBrandLoyaltyTestSuite">
    <failure type="java.lang.AssertionError" message="Actual Product price &amp;apos;$28.98&amp;apos; in cart page is not equal to expected product price &amp;apos;&amp;apos; from search results page expected [] but found [$28.98]">
      <![CDATA[java.lang.AssertionError: Actual Product price '$28.98' in cart page is not equal to expected product price '' from search results page expected [] but found [$28.98]
	at com.testsuite.BondBrandLoyaltyTestSuite.testMultipleProductsPricesValidation(BondBrandLoyaltyTestSuite.java:83)
	at java.util.concurrent.FutureTask.run(Unknown Source)
	at java.util.concurrent.ThreadPoolExecutor.runWorker(Unknown Source)
	at java.util.concurrent.ThreadPoolExecutor$Worker.run(Unknown Source)
	at java.lang.Thread.run(Unknown Source)
... Removed 20 stack frames]]>
    </failure>
  </testcase> <!-- testMultipleProductsPricesValidation -->
  <testcase name="testMultipleProductsPricesValidation" time="20.174" classname="com.testsuite.BondBrandLoyaltyTestSuite"/>
</testsuite> <!-- RunTests_On_Chrome_Windows -->
