<?xml version="1.0" encoding="UTF-8"?>
<!-- Generated by org.testng.reporters.JUnitReportReporter -->
<testsuite hostname="NODE1005" name="com.testsuite.BondBrandLoyaltyTestSuite" tests="6" failures="0" timestamp="12 Aug 2021 16:58:13 GMT" time="225.070" errors="1">
  <testcase name="testSpecificProductPriceValidation" time="56.517" classname="com.testsuite.BondBrandLoyaltyTestSuite"/>
  <testcase name="testMultipleProductsPricesValidation" time="22.550" classname="com.testsuite.BondBrandLoyaltyTestSuite"/>
  <testcase name="testCalculationsInCartPage" time="28.030" classname="com.testsuite.BondBrandLoyaltyTestSuite"/>
  <testcase name="testMultipleProductsPricesValidation" time="49.746" classname="com.testsuite.BondBrandLoyaltyTestSuite"/>
  <testcase name="testLabelNameInCartPage" time="15.115" classname="com.testsuite.BondBrandLoyaltyTestSuite">
    <error type="java.lang.AssertionError" message="In Cart Page, Actual Label &#039;Total products&#039; is not equal to expected label &#039;Total Products Price&#039; expected [Total Products Price] but found [Total products]">
      <![CDATA[java.lang.AssertionError: In Cart Page, Actual Label 'Total products' is not equal to expected label 'Total Products Price' expected [Total Products Price] but found [Total products]
	at org.testng.Assert.fail(Assert.java:94)
	at org.testng.Assert.failNotEquals(Assert.java:494)
	at org.testng.Assert.assertEquals(Assert.java:123)
	at org.testng.Assert.assertEquals(Assert.java:176)
	at com.testsuite.BondBrandLoyaltyTestSuite.testLabelNameInCartPage(BondBrandLoyaltyTestSuite.java:106)
	at sun.reflect.NativeMethodAccessorImpl.invoke0(Native Method)
	at sun.reflect.NativeMethodAccessorImpl.invoke(Unknown Source)
	at sun.reflect.DelegatingMethodAccessorImpl.invoke(Unknown Source)
	at java.lang.reflect.Method.invoke(Unknown Source)
	at org.testng.internal.MethodInvocationHelper.invokeMethod(MethodInvocationHelper.java:84)
	at org.testng.internal.Invoker.invokeMethod(Invoker.java:714)
	at org.testng.internal.Invoker.invokeTestMethod(Invoker.java:901)
	at org.testng.internal.Invoker.invokeTestMethods(Invoker.java:1231)
	at org.testng.internal.TestMethodWorker.invokeTestMethods(TestMethodWorker.java:127)
	at org.testng.internal.TestMethodWorker.run(TestMethodWorker.java:111)
	at org.testng.TestRunner.privateRun(TestRunner.java:767)
	at org.testng.TestRunner.run(TestRunner.java:617)
	at org.testng.SuiteRunner.runTest(SuiteRunner.java:348)
	at org.testng.SuiteRunner.runSequentially(SuiteRunner.java:343)
	at org.testng.SuiteRunner.privateRun(SuiteRunner.java:305)
	at org.testng.SuiteRunner.run(SuiteRunner.java:254)
	at org.testng.SuiteRunnerWorker.runSuite(SuiteRunnerWorker.java:52)
	at org.testng.SuiteRunnerWorker.run(SuiteRunnerWorker.java:86)
	at org.testng.TestNG.runSuitesSequentially(TestNG.java:1224)
	at org.testng.TestNG.runSuitesLocally(TestNG.java:1149)
	at org.testng.TestNG.run(TestNG.java:1057)
	at org.apache.maven.surefire.testng.TestNGExecutor.run(TestNGExecutor.java:283)
	at org.apache.maven.surefire.testng.TestNGXmlTestSuite.execute(TestNGXmlTestSuite.java:75)
	at org.apache.maven.surefire.testng.TestNGProvider.invoke(TestNGProvider.java:120)
	at org.apache.maven.surefire.booter.ForkedBooter.invokeProviderInSameClassLoader(ForkedBooter.java:384)
	at org.apache.maven.surefire.booter.ForkedBooter.runSuitesInProcess(ForkedBooter.java:345)
	at org.apache.maven.surefire.booter.ForkedBooter.execute(ForkedBooter.java:126)
	at org.apache.maven.surefire.booter.ForkedBooter.main(ForkedBooter.java:418)
]]>
    </error>
  </testcase> <!-- testLabelNameInCartPage -->
  <testcase name="testMultipleProductsPricesValidation" time="53.112" classname="com.testsuite.BondBrandLoyaltyTestSuite"/>
</testsuite> <!-- com.testsuite.BondBrandLoyaltyTestSuite -->
